0 info it worked if it ends with ok
1 verbose cli [ '/usr/local/bin/node', '/usr/local/bin/npm', 'run', 'serve' ]
2 info using npm@3.10.10
3 info using node@v6.11.5
4 verbose run-script [ 'preserve', 'serve', 'postserve' ]
5 info lifecycle cupper@0.1.0~preserve: cupper@0.1.0
6 silly lifecycle cupper@0.1.0~preserve: no script for preserve, continuing
7 info lifecycle cupper@0.1.0~serve: cupper@0.1.0
8 verbose lifecycle cupper@0.1.0~serve: unsafe-perm in lifecycle true
9 verbose lifecycle cupper@0.1.0~serve: PATH: /usr/local/lib/node_modules/npm/bin/node-gyp-bin:/Users/joshuaread/cupper/node_modules/.bin:/Library/Frameworks/Python.framework/Versions/3.7/bin:/Library/Frameworks/Python.framework/Versions/3.6/bin:/usr/local/mysql/bin:/usr/local/bin:/usr/bin:/bin:/usr/sbin:/sbin:/Users/joshuaread/.rvm/bin:/Users/joshuaread/.rvm/bin
10 verbose lifecycle cupper@0.1.0~serve: CWD: /Users/joshuaread/cupper
11 silly lifecycle cupper@0.1.0~serve: Args: [ '-c', 'hugo server --baseURL http://localhost:1313' ]
12 silly lifecycle cupper@0.1.0~serve: Returned: code: 255  signal: null
13 info lifecycle cupper@0.1.0~serve: Failed to exec serve script
14 verbose stack Error: cupper@0.1.0 serve: `hugo server --baseURL http://localhost:1313`
14 verbose stack Exit status 255
14 verbose stack     at EventEmitter.<anonymous> (/usr/local/lib/node_modules/npm/lib/utils/lifecycle.js:255:16)
14 verbose stack     at emitTwo (events.js:106:13)
14 verbose stack     at EventEmitter.emit (events.js:191:7)
14 verbose stack     at ChildProcess.<anonymous> (/usr/local/lib/node_modules/npm/lib/utils/spawn.js:40:14)
14 verbose stack     at emitTwo (events.js:106:13)
14 verbose stack     at ChildProcess.emit (events.js:191:7)
14 verbose stack     at maybeClose (internal/child_process.js:920:16)
14 verbose stack     at Process.ChildProcess._handle.onexit (internal/child_process.js:230:5)
15 verbose pkgid cupper@0.1.0
16 verbose cwd /Users/joshuaread/cupper
17 error Darwin 18.6.0
18 error argv "/usr/local/bin/node" "/usr/local/bin/npm" "run" "serve"
19 error node v6.11.5
20 error npm  v3.10.10
21 error code ELIFECYCLE
22 error cupper@0.1.0 serve: `hugo server --baseURL http://localhost:1313`
22 error Exit status 255
23 error Failed at the cupper@0.1.0 serve script 'hugo server --baseURL http://localhost:1313'.
23 error Make sure you have the latest version of node.js and npm installed.
23 error If you do, this is most likely a problem with the cupper package,
23 error not with npm itself.
23 error Tell the author that this fails on your system:
23 error     hugo server --baseURL http://localhost:1313
23 error You can get information on how to open an issue for this project with:
23 error     npm bugs cupper
23 error Or if that isn't available, you can get their info via:
23 error     npm owner ls cupper
23 error There is likely additional logging output above.
24 verbose exit [ 1, true ]
